0 info it worked if it ends with ok
1 verbose cli [ 'C:\\Program Files (x86)\\nodejs\\node.exe',
1 verbose cli   'C:\\Program Files (x86)\\nodejs\\node_modules\\npm\\bin\\npm-cli.js',
<<<<<<< HEAD
1 verbose cli   'install',
1 verbose cli   'loadsh' ]
2 info using npm@2.14.20
3 info using node@v4.4.0
4 verbose install initial load of C:\Users\Sebastian\Documents\GitHub\AngularAppProject\server\package.json
5 warn package.json project.server@1.0.0 No repository field.
6 warn package.json project.server@1.0.0 No README data
7 verbose installManyTop reading scoped package data from C:\Users\Sebastian\Documents\GitHub\AngularAppProject\server\node_modules\accepts\package.json
8 verbose installManyTop reading scoped package data from C:\Users\Sebastian\Documents\GitHub\AngularAppProject\server\node_modules\angular\package.json
9 verbose installManyTop reading scoped package data from C:\Users\Sebastian\Documents\GitHub\AngularAppProject\server\node_modules\angular-ui-router\package.json
10 verbose installManyTop reading scoped package data from C:\Users\Sebastian\Documents\GitHub\AngularAppProject\server\node_modules\ansi-regex\package.json
11 verbose installManyTop reading scoped package data from C:\Users\Sebastian\Documents\GitHub\AngularAppProject\server\node_modules\ansi-styles\package.json
12 verbose installManyTop reading scoped package data from C:\Users\Sebastian\Documents\GitHub\AngularAppProject\server\node_modules\any-promise\package.json
13 verbose installManyTop reading scoped package data from C:\Users\Sebastian\Documents\GitHub\AngularAppProject\server\node_modules\archy\package.json
14 verbose installManyTop reading scoped package data from C:\Users\Sebastian\Documents\GitHub\AngularAppProject\server\node_modules\arr-flatten\package.json
15 verbose installManyTop reading scoped package data from C:\Users\Sebastian\Documents\GitHub\AngularAppProject\server\node_modules\array-differ\package.json
16 verbose installManyTop reading scoped package data from C:\Users\Sebastian\Documents\GitHub\AngularAppProject\server\node_modules\array-find-index\package.json
17 verbose installManyTop reading scoped package data from C:\Users\Sebastian\Documents\GitHub\AngularAppProject\server\node_modules\array-flatten\package.json
18 verbose installManyTop reading scoped package data from C:\Users\Sebastian\Documents\GitHub\AngularAppProject\server\node_modules\array-union\package.json
19 verbose installManyTop reading scoped package data from C:\Users\Sebastian\Documents\GitHub\AngularAppProject\server\node_modules\array-uniq\package.json
20 verbose installManyTop reading scoped package data from C:\Users\Sebastian\Documents\GitHub\AngularAppProject\server\node_modules\arrify\package.json
21 verbose installManyTop reading scoped package data from C:\Users\Sebastian\Documents\GitHub\AngularAppProject\server\node_modules\balanced-match\package.json
22 verbose installManyTop reading scoped package data from C:\Users\Sebastian\Documents\GitHub\AngularAppProject\server\node_modules\beeper\package.json
23 verbose installManyTop reading scoped package data from C:\Users\Sebastian\Documents\GitHub\AngularAppProject\server\node_modules\body-parser\package.json
24 verbose installManyTop reading scoped package data from C:\Users\Sebastian\Documents\GitHub\AngularAppProject\server\node_modules\brace-expansion\package.json
25 verbose installManyTop reading scoped package data from C:\Users\Sebastian\Documents\GitHub\AngularAppProject\server\node_modules\builtin-modules\package.json
26 verbose installManyTop reading scoped package data from C:\Users\Sebastian\Documents\GitHub\AngularAppProject\server\node_modules\bytes\package.json
27 verbose installManyTop reading scoped package data from C:\Users\Sebastian\Documents\GitHub\AngularAppProject\server\node_modules\camelcase\package.json
28 verbose installManyTop reading scoped package data from C:\Users\Sebastian\Documents\GitHub\AngularAppProject\server\node_modules\camelcase-keys\package.json
29 verbose installManyTop reading scoped package data from C:\Users\Sebastian\Documents\GitHub\AngularAppProject\server\node_modules\chalk\package.json
30 verbose installManyTop reading scoped package data from C:\Users\Sebastian\Documents\GitHub\AngularAppProject\server\node_modules\cli\package.json
31 verbose installManyTop reading scoped package data from C:\Users\Sebastian\Documents\GitHub\AngularAppProject\server\node_modules\clone\package.json
32 verbose installManyTop reading scoped package data from C:\Users\Sebastian\Documents\GitHub\AngularAppProject\server\node_modules\clone-stats\package.json
33 verbose installManyTop reading scoped package data from C:\Users\Sebastian\Documents\GitHub\AngularAppProject\server\node_modules\concat-map\package.json
34 verbose installManyTop reading scoped package data from C:\Users\Sebastian\Documents\GitHub\AngularAppProject\server\node_modules\concat-with-sourcemaps\package.json
35 verbose installManyTop reading scoped package data from C:\Users\Sebastian\Documents\GitHub\AngularAppProject\server\node_modules\console-browserify\package.json
36 verbose installManyTop reading scoped package data from C:\Users\Sebastian\Documents\GitHub\AngularAppProject\server\node_modules\content-disposition\package.json
37 verbose installManyTop reading scoped package data from C:\Users\Sebastian\Documents\GitHub\AngularAppProject\server\node_modules\content-type\package.json
38 verbose installManyTop reading scoped package data from C:\Users\Sebastian\Documents\GitHub\AngularAppProject\server\node_modules\cookie\package.json
39 verbose installManyTop reading scoped package data from C:\Users\Sebastian\Documents\GitHub\AngularAppProject\server\node_modules\cookie-signature\package.json
40 verbose installManyTop reading scoped package data from C:\Users\Sebastian\Documents\GitHub\AngularAppProject\server\node_modules\core-util-is\package.json
41 verbose installManyTop reading scoped package data from C:\Users\Sebastian\Documents\GitHub\AngularAppProject\server\node_modules\date-now\package.json
42 verbose installManyTop reading scoped package data from C:\Users\Sebastian\Documents\GitHub\AngularAppProject\server\node_modules\dateformat\package.json
43 verbose installManyTop reading scoped package data from C:\Users\Sebastian\Documents\GitHub\AngularAppProject\server\node_modules\debug\package.json
44 verbose installManyTop reading scoped package data from C:\Users\Sebastian\Documents\GitHub\AngularAppProject\server\node_modules\decamelize\package.json
45 verbose installManyTop reading scoped package data from C:\Users\Sebastian\Documents\GitHub\AngularAppProject\server\node_modules\defaults\package.json
46 verbose installManyTop reading scoped package data from C:\Users\Sebastian\Documents\GitHub\AngularAppProject\server\node_modules\del\package.json
47 verbose installManyTop reading scoped package data from C:\Users\Sebastian\Documents\GitHub\AngularAppProject\server\node_modules\depd\package.json
48 verbose installManyTop reading scoped package data from C:\Users\Sebastian\Documents\GitHub\AngularAppProject\server\node_modules\deprecated\package.json
49 verbose installManyTop reading scoped package data from C:\Users\Sebastian\Documents\GitHub\AngularAppProject\server\node_modules\destroy\package.json
50 verbose installManyTop reading scoped package data from C:\Users\Sebastian\Documents\GitHub\AngularAppProject\server\node_modules\dom-serializer\package.json
51 verbose installManyTop reading scoped package data from C:\Users\Sebastian\Documents\GitHub\AngularAppProject\server\node_modules\domelementtype\package.json
52 verbose installManyTop reading scoped package data from C:\Users\Sebastian\Documents\GitHub\AngularAppProject\server\node_modules\domhandler\package.json
53 verbose installManyTop reading scoped package data from C:\Users\Sebastian\Documents\GitHub\AngularAppProject\server\node_modules\domutils\package.json
54 verbose installManyTop reading scoped package data from C:\Users\Sebastian\Documents\GitHub\AngularAppProject\server\node_modules\duplexer\package.json
55 verbose installManyTop reading scoped package data from C:\Users\Sebastian\Documents\GitHub\AngularAppProject\server\node_modules\duplexer2\package.json
56 verbose installManyTop reading scoped package data from C:\Users\Sebastian\Documents\GitHub\AngularAppProject\server\node_modules\ee-first\package.json
57 verbose installManyTop reading scoped package data from C:\Users\Sebastian\Documents\GitHub\AngularAppProject\server\node_modules\end-of-stream\package.json
58 verbose installManyTop reading scoped package data from C:\Users\Sebastian\Documents\GitHub\AngularAppProject\server\node_modules\entities\package.json
59 verbose installManyTop reading scoped package data from C:\Users\Sebastian\Documents\GitHub\AngularAppProject\server\node_modules\error-ex\package.json
60 verbose installManyTop reading scoped package data from C:\Users\Sebastian\Documents\GitHub\AngularAppProject\server\node_modules\escape-html\package.json
61 verbose installManyTop reading scoped package data from C:\Users\Sebastian\Documents\GitHub\AngularAppProject\server\node_modules\escape-string-regexp\package.json
62 verbose installManyTop reading scoped package data from C:\Users\Sebastian\Documents\GitHub\AngularAppProject\server\node_modules\etag\package.json
63 verbose installManyTop reading scoped package data from C:\Users\Sebastian\Documents\GitHub\AngularAppProject\server\node_modules\event-stream\package.json
64 verbose installManyTop reading scoped package data from C:\Users\Sebastian\Documents\GitHub\AngularAppProject\server\node_modules\exit\package.json
65 verbose installManyTop reading scoped package data from C:\Users\Sebastian\Documents\GitHub\AngularAppProject\server\node_modules\express\package.json
66 verbose installManyTop reading scoped package data from C:\Users\Sebastian\Documents\GitHub\AngularAppProject\server\node_modules\extend\package.json
67 verbose installManyTop reading scoped package data from C:\Users\Sebastian\Documents\GitHub\AngularAppProject\server\node_modules\fancy-log\package.json
68 verbose installManyTop reading scoped package data from C:\Users\Sebastian\Documents\GitHub\AngularAppProject\server\node_modules\finalhandler\package.json
69 verbose installManyTop reading scoped package data from C:\Users\Sebastian\Documents\GitHub\AngularAppProject\server\node_modules\find-index\package.json
70 verbose installManyTop reading scoped package data from C:\Users\Sebastian\Documents\GitHub\AngularAppProject\server\node_modules\find-up\package.json
71 verbose installManyTop reading scoped package data from C:\Users\Sebastian\Documents\GitHub\AngularAppProject\server\node_modules\findup-sync\package.json
72 verbose installManyTop reading scoped package data from C:\Users\Sebastian\Documents\GitHub\AngularAppProject\server\node_modules\first-chunk-stream\package.json
73 verbose installManyTop reading scoped package data from C:\Users\Sebastian\Documents\GitHub\AngularAppProject\server\node_modules\flagged-respawn\package.json
74 verbose installManyTop reading scoped package data from C:\Users\Sebastian\Documents\GitHub\AngularAppProject\server\node_modules\forwarded\package.json
75 verbose installManyTop reading scoped package data from C:\Users\Sebastian\Documents\GitHub\AngularAppProject\server\node_modules\fresh\package.json
76 verbose installManyTop reading scoped package data from C:\Users\Sebastian\Documents\GitHub\AngularAppProject\server\node_modules\from\package.json
77 verbose installManyTop reading scoped package data from C:\Users\Sebastian\Documents\GitHub\AngularAppProject\server\node_modules\gaze\package.json
78 verbose installManyTop reading scoped package data from C:\Users\Sebastian\Documents\GitHub\AngularAppProject\server\node_modules\get-stdin\package.json
79 verbose installManyTop reading scoped package data from C:\Users\Sebastian\Documents\GitHub\AngularAppProject\server\node_modules\get-value\package.json
80 verbose installManyTop reading scoped package data from C:\Users\Sebastian\Documents\GitHub\AngularAppProject\server\node_modules\glob\package.json
81 verbose installManyTop reading scoped package data from C:\Users\Sebastian\Documents\GitHub\AngularAppProject\server\node_modules\glob-stream\package.json
82 verbose installManyTop reading scoped package data from C:\Users\Sebastian\Documents\GitHub\AngularAppProject\server\node_modules\glob-watcher\package.json
83 verbose installManyTop reading scoped package data from C:\Users\Sebastian\Documents\GitHub\AngularAppProject\server\node_modules\glob2base\package.json
84 verbose installManyTop reading scoped package data from C:\Users\Sebastian\Documents\GitHub\AngularAppProject\server\node_modules\globby\package.json
85 verbose installManyTop reading scoped package data from C:\Users\Sebastian\Documents\GitHub\AngularAppProject\server\node_modules\globule\package.json
86 verbose installManyTop reading scoped package data from C:\Users\Sebastian\Documents\GitHub\AngularAppProject\server\node_modules\glogg\package.json
87 verbose installManyTop reading scoped package data from C:\Users\Sebastian\Documents\GitHub\AngularAppProject\server\node_modules\graceful-fs\package.json
88 verbose installManyTop reading scoped package data from C:\Users\Sebastian\Documents\GitHub\AngularAppProject\server\node_modules\group-array\package.json
89 verbose installManyTop reading scoped package data from C:\Users\Sebastian\Documents\GitHub\AngularAppProject\server\node_modules\gulp\package.json
90 verbose installManyTop reading scoped package data from C:\Users\Sebastian\Documents\GitHub\AngularAppProject\server\node_modules\gulp-concat\package.json
91 verbose installManyTop reading scoped package data from C:\Users\Sebastian\Documents\GitHub\AngularAppProject\server\node_modules\gulp-inject\package.json
92 verbose installManyTop reading scoped package data from C:\Users\Sebastian\Documents\GitHub\AngularAppProject\server\node_modules\gulp-jshint\package.json
93 verbose installManyTop reading scoped package data from C:\Users\Sebastian\Documents\GitHub\AngularAppProject\server\node_modules\gulp-util\package.json
94 verbose installManyTop reading scoped package data from C:\Users\Sebastian\Documents\GitHub\AngularAppProject\server\node_modules\gulplog\package.json
95 verbose installManyTop reading scoped package data from C:\Users\Sebastian\Documents\GitHub\AngularAppProject\server\node_modules\has-ansi\package.json
96 verbose installManyTop reading scoped package data from C:\Users\Sebastian\Documents\GitHub\AngularAppProject\server\node_modules\has-gulplog\package.json
97 verbose installManyTop reading scoped package data from C:\Users\Sebastian\Documents\GitHub\AngularAppProject\server\node_modules\hosted-git-info\package.json
98 verbose installManyTop reading scoped package data from C:\Users\Sebastian\Documents\GitHub\AngularAppProject\server\node_modules\htmlparser2\package.json
99 verbose installManyTop reading scoped package data from C:\Users\Sebastian\Documents\GitHub\AngularAppProject\server\node_modules\http-errors\package.json
100 verbose installManyTop reading scoped package data from C:\Users\Sebastian\Documents\GitHub\AngularAppProject\server\node_modules\iconv-lite\package.json
101 verbose installManyTop reading scoped package data from C:\Users\Sebastian\Documents\GitHub\AngularAppProject\server\node_modules\indent-string\package.json
102 verbose installManyTop reading scoped package data from C:\Users\Sebastian\Documents\GitHub\AngularAppProject\server\node_modules\inflight\package.json
103 verbose installManyTop reading scoped package data from C:\Users\Sebastian\Documents\GitHub\AngularAppProject\server\node_modules\inherits\package.json
104 verbose installManyTop reading scoped package data from C:\Users\Sebastian\Documents\GitHub\AngularAppProject\server\node_modules\interpret\package.json
105 verbose installManyTop reading scoped package data from C:\Users\Sebastian\Documents\GitHub\AngularAppProject\server\node_modules\ipaddr.js\package.json
106 verbose installManyTop reading scoped package data from C:\Users\Sebastian\Documents\GitHub\AngularAppProject\server\node_modules\is-arrayish\package.json
107 verbose installManyTop reading scoped package data from C:\Users\Sebastian\Documents\GitHub\AngularAppProject\server\node_modules\is-buffer\package.json
108 verbose installManyTop reading scoped package data from C:\Users\Sebastian\Documents\GitHub\AngularAppProject\server\node_modules\is-builtin-module\package.json
109 verbose installManyTop reading scoped package data from C:\Users\Sebastian\Documents\GitHub\AngularAppProject\server\node_modules\is-extendable\package.json
110 verbose installManyTop reading scoped package data from C:\Users\Sebastian\Documents\GitHub\AngularAppProject\server\node_modules\is-finite\package.json
111 verbose installManyTop reading scoped package data from C:\Users\Sebastian\Documents\GitHub\AngularAppProject\server\node_modules\is-path-cwd\package.json
112 verbose installManyTop reading scoped package data from C:\Users\Sebastian\Documents\GitHub\AngularAppProject\server\node_modules\is-path-in-cwd\package.json
113 verbose installManyTop reading scoped package data from C:\Users\Sebastian\Documents\GitHub\AngularAppProject\server\node_modules\is-path-inside\package.json
114 verbose installManyTop reading scoped package data from C:\Users\Sebastian\Documents\GitHub\AngularAppProject\server\node_modules\is-typedarray\package.json
115 verbose installManyTop reading scoped package data from C:\Users\Sebastian\Documents\GitHub\AngularAppProject\server\node_modules\is-utf8\package.json
116 verbose installManyTop reading scoped package data from C:\Users\Sebastian\Documents\GitHub\AngularAppProject\server\node_modules\isarray\package.json
117 verbose installManyTop reading scoped package data from C:\Users\Sebastian\Documents\GitHub\AngularAppProject\server\node_modules\jshint\package.json
118 verbose installManyTop reading scoped package data from C:\Users\Sebastian\Documents\GitHub\AngularAppProject\server\node_modules\kind-of\package.json
119 verbose installManyTop reading scoped package data from C:\Users\Sebastian\Documents\GitHub\AngularAppProject\server\node_modules\lazy-cache\package.json
120 verbose installManyTop reading scoped package data from C:\Users\Sebastian\Documents\GitHub\AngularAppProject\server\node_modules\liftoff\package.json
121 verbose installManyTop reading scoped package data from C:\Users\Sebastian\Documents\GitHub\AngularAppProject\server\node_modules\load-json-file\package.json
122 verbose installManyTop reading scoped package data from C:\Users\Sebastian\Documents\GitHub\AngularAppProject\server\node_modules\lodash\package.json
123 verbose installManyTop reading scoped package data from C:\Users\Sebastian\Documents\GitHub\AngularAppProject\server\node_modules\lodash._baseclone\package.json
124 verbose installManyTop reading scoped package data from C:\Users\Sebastian\Documents\GitHub\AngularAppProject\server\node_modules\lodash._basecopy\package.json
125 verbose installManyTop reading scoped package data from C:\Users\Sebastian\Documents\GitHub\AngularAppProject\server\node_modules\lodash._basetostring\package.json
126 verbose installManyTop reading scoped package data from C:\Users\Sebastian\Documents\GitHub\AngularAppProject\server\node_modules\lodash._basevalues\package.json
127 verbose installManyTop reading scoped package data from C:\Users\Sebastian\Documents\GitHub\AngularAppProject\server\node_modules\lodash._getnative\package.json
128 verbose installManyTop reading scoped package data from C:\Users\Sebastian\Documents\GitHub\AngularAppProject\server\node_modules\lodash._isiterateecall\package.json
129 verbose installManyTop reading scoped package data from C:\Users\Sebastian\Documents\GitHub\AngularAppProject\server\node_modules\lodash._reescape\package.json
130 verbose installManyTop reading scoped package data from C:\Users\Sebastian\Documents\GitHub\AngularAppProject\server\node_modules\lodash._reevaluate\package.json
131 verbose installManyTop reading scoped package data from C:\Users\Sebastian\Documents\GitHub\AngularAppProject\server\node_modules\lodash._reinterpolate\package.json
132 verbose installManyTop reading scoped package data from C:\Users\Sebastian\Documents\GitHub\AngularAppProject\server\node_modules\lodash._root\package.json
133 verbose installManyTop reading scoped package data from C:\Users\Sebastian\Documents\GitHub\AngularAppProject\server\node_modules\lodash.clonedeep\package.json
134 verbose installManyTop reading scoped package data from C:\Users\Sebastian\Documents\GitHub\AngularAppProject\server\node_modules\lodash.escape\package.json
135 verbose installManyTop reading scoped package data from C:\Users\Sebastian\Documents\GitHub\AngularAppProject\server\node_modules\lodash.isarguments\package.json
136 verbose installManyTop reading scoped package data from C:\Users\Sebastian\Documents\GitHub\AngularAppProject\server\node_modules\lodash.isarray\package.json
137 verbose installManyTop reading scoped package data from C:\Users\Sebastian\Documents\GitHub\AngularAppProject\server\node_modules\lodash.keys\package.json
138 verbose installManyTop reading scoped package data from C:\Users\Sebastian\Documents\GitHub\AngularAppProject\server\node_modules\lodash.restparam\package.json
139 verbose installManyTop reading scoped package data from C:\Users\Sebastian\Documents\GitHub\AngularAppProject\server\node_modules\lodash.template\package.json
140 verbose installManyTop reading scoped package data from C:\Users\Sebastian\Documents\GitHub\AngularAppProject\server\node_modules\lodash.templatesettings\package.json
141 verbose installManyTop reading scoped package data from C:\Users\Sebastian\Documents\GitHub\AngularAppProject\server\node_modules\loud-rejection\package.json
142 verbose installManyTop reading scoped package data from C:\Users\Sebastian\Documents\GitHub\AngularAppProject\server\node_modules\lru-cache\package.json
143 verbose installManyTop reading scoped package data from C:\Users\Sebastian\Documents\GitHub\AngularAppProject\server\node_modules\map-obj\package.json
144 verbose installManyTop reading scoped package data from C:\Users\Sebastian\Documents\GitHub\AngularAppProject\server\node_modules\map-stream\package.json
145 verbose installManyTop reading scoped package data from C:\Users\Sebastian\Documents\GitHub\AngularAppProject\server\node_modules\media-typer\package.json
146 verbose installManyTop reading scoped package data from C:\Users\Sebastian\Documents\GitHub\AngularAppProject\server\node_modules\meow\package.json
147 verbose installManyTop reading scoped package data from C:\Users\Sebastian\Documents\GitHub\AngularAppProject\server\node_modules\merge-descriptors\package.json
148 verbose installManyTop reading scoped package data from C:\Users\Sebastian\Documents\GitHub\AngularAppProject\server\node_modules\methods\package.json
149 verbose installManyTop reading scoped package data from C:\Users\Sebastian\Documents\GitHub\AngularAppProject\server\node_modules\mime\package.json
150 verbose installManyTop reading scoped package data from C:\Users\Sebastian\Documents\GitHub\AngularAppProject\server\node_modules\mime-db\package.json
151 verbose installManyTop reading scoped package data from C:\Users\Sebastian\Documents\GitHub\AngularAppProject\server\node_modules\mime-types\package.json
152 verbose installManyTop reading scoped package data from C:\Users\Sebastian\Documents\GitHub\AngularAppProject\server\node_modules\minimatch\package.json
153 verbose installManyTop reading scoped package data from C:\Users\Sebastian\Documents\GitHub\AngularAppProject\server\node_modules\minimist\package.json
154 verbose installManyTop reading scoped package data from C:\Users\Sebastian\Documents\GitHub\AngularAppProject\server\node_modules\mkdirp\package.json
155 verbose installManyTop reading scoped package data from C:\Users\Sebastian\Documents\GitHub\AngularAppProject\server\node_modules\ms\package.json
156 verbose installManyTop reading scoped package data from C:\Users\Sebastian\Documents\GitHub\AngularAppProject\server\node_modules\multipipe\package.json
157 verbose installManyTop reading scoped package data from C:\Users\Sebastian\Documents\GitHub\AngularAppProject\server\node_modules\nan\package.json
158 verbose installManyTop reading scoped package data from C:\Users\Sebastian\Documents\GitHub\AngularAppProject\server\node_modules\negotiator\package.json
159 verbose installManyTop reading scoped package data from C:\Users\Sebastian\Documents\GitHub\AngularAppProject\server\node_modules\noncharacters\package.json
160 verbose installManyTop reading scoped package data from C:\Users\Sebastian\Documents\GitHub\AngularAppProject\server\node_modules\normalize-package-data\package.json
161 verbose installManyTop reading scoped package data from C:\Users\Sebastian\Documents\GitHub\AngularAppProject\server\node_modules\number-is-nan\package.json
162 verbose installManyTop reading scoped package data from C:\Users\Sebastian\Documents\GitHub\AngularAppProject\server\node_modules\object-assign\package.json
163 verbose installManyTop reading scoped package data from C:\Users\Sebastian\Documents\GitHub\AngularAppProject\server\node_modules\on-finished\package.json
164 verbose installManyTop reading scoped package data from C:\Users\Sebastian\Documents\GitHub\AngularAppProject\server\node_modules\once\package.json
165 verbose installManyTop reading scoped package data from C:\Users\Sebastian\Documents\GitHub\AngularAppProject\server\node_modules\orchestrator\package.json
166 verbose installManyTop reading scoped package data from C:\Users\Sebastian\Documents\GitHub\AngularAppProject\server\node_modules\ordered-read-streams\package.json
167 verbose installManyTop reading scoped package data from C:\Users\Sebastian\Documents\GitHub\AngularAppProject\server\node_modules\os-homedir\package.json
168 verbose installManyTop reading scoped package data from C:\Users\Sebastian\Documents\GitHub\AngularAppProject\server\node_modules\parse-json\package.json
169 verbose installManyTop reading scoped package data from C:\Users\Sebastian\Documents\GitHub\AngularAppProject\server\node_modules\parseurl\package.json
170 verbose installManyTop reading scoped package data from C:\Users\Sebastian\Documents\GitHub\AngularAppProject\server\node_modules\path-exists\package.json
171 verbose installManyTop reading scoped package data from C:\Users\Sebastian\Documents\GitHub\AngularAppProject\server\node_modules\path-is-absolute\package.json
172 verbose installManyTop reading scoped package data from C:\Users\Sebastian\Documents\GitHub\AngularAppProject\server\node_modules\path-is-inside\package.json
173 verbose installManyTop reading scoped package data from C:\Users\Sebastian\Documents\GitHub\AngularAppProject\server\node_modules\path-to-regexp\package.json
174 verbose installManyTop reading scoped package data from C:\Users\Sebastian\Documents\GitHub\AngularAppProject\server\node_modules\path-type\package.json
175 verbose installManyTop reading scoped package data from C:\Users\Sebastian\Documents\GitHub\AngularAppProject\server\node_modules\pause-stream\package.json
176 verbose installManyTop reading scoped package data from C:\Users\Sebastian\Documents\GitHub\AngularAppProject\server\node_modules\pify\package.json
177 verbose installManyTop reading scoped package data from C:\Users\Sebastian\Documents\GitHub\AngularAppProject\server\node_modules\pinkie\package.json
178 verbose installManyTop reading scoped package data from C:\Users\Sebastian\Documents\GitHub\AngularAppProject\server\node_modules\pinkie-promise\package.json
179 verbose installManyTop reading scoped package data from C:\Users\Sebastian\Documents\GitHub\AngularAppProject\server\node_modules\pretty-hrtime\package.json
180 verbose installManyTop reading scoped package data from C:\Users\Sebastian\Documents\GitHub\AngularAppProject\server\node_modules\process-nextick-args\package.json
181 verbose installManyTop reading scoped package data from C:\Users\Sebastian\Documents\GitHub\AngularAppProject\server\node_modules\proxy-addr\package.json
182 verbose installManyTop reading scoped package data from C:\Users\Sebastian\Documents\GitHub\AngularAppProject\server\node_modules\qs\package.json
183 verbose installManyTop reading scoped package data from C:\Users\Sebastian\Documents\GitHub\AngularAppProject\server\node_modules\range-parser\package.json
184 verbose installManyTop reading scoped package data from C:\Users\Sebastian\Documents\GitHub\AngularAppProject\server\node_modules\raw-body\package.json
185 verbose installManyTop reading scoped package data from C:\Users\Sebastian\Documents\GitHub\AngularAppProject\server\node_modules\rcfinder\package.json
186 verbose installManyTop reading scoped package data from C:\Users\Sebastian\Documents\GitHub\AngularAppProject\server\node_modules\rcloader\package.json
187 verbose installManyTop reading scoped package data from C:\Users\Sebastian\Documents\GitHub\AngularAppProject\server\node_modules\read-pkg\package.json
188 verbose installManyTop reading scoped package data from C:\Users\Sebastian\Documents\GitHub\AngularAppProject\server\node_modules\read-pkg-up\package.json
189 verbose installManyTop reading scoped package data from C:\Users\Sebastian\Documents\GitHub\AngularAppProject\server\node_modules\readable-stream\package.json
190 verbose installManyTop reading scoped package data from C:\Users\Sebastian\Documents\GitHub\AngularAppProject\server\node_modules\rechoir\package.json
191 verbose installManyTop reading scoped package data from C:\Users\Sebastian\Documents\GitHub\AngularAppProject\server\node_modules\redent\package.json
192 verbose installManyTop reading scoped package data from C:\Users\Sebastian\Documents\GitHub\AngularAppProject\server\node_modules\repeating\package.json
193 verbose installManyTop reading scoped package data from C:\Users\Sebastian\Documents\GitHub\AngularAppProject\server\node_modules\replace-ext\package.json
194 verbose installManyTop reading scoped package data from C:\Users\Sebastian\Documents\GitHub\AngularAppProject\server\node_modules\resolve\package.json
195 verbose installManyTop reading scoped package data from C:\Users\Sebastian\Documents\GitHub\AngularAppProject\server\node_modules\rimraf\package.json
196 verbose installManyTop reading scoped package data from C:\Users\Sebastian\Documents\GitHub\AngularAppProject\server\node_modules\semver\package.json
197 verbose installManyTop reading scoped package data from C:\Users\Sebastian\Documents\GitHub\AngularAppProject\server\node_modules\send\package.json
198 verbose installManyTop reading scoped package data from C:\Users\Sebastian\Documents\GitHub\AngularAppProject\server\node_modules\sequencify\package.json
199 verbose installManyTop reading scoped package data from C:\Users\Sebastian\Documents\GitHub\AngularAppProject\server\node_modules\serve-static\package.json
200 verbose installManyTop reading scoped package data from C:\Users\Sebastian\Documents\GitHub\AngularAppProject\server\node_modules\shelljs\package.json
201 verbose installManyTop reading scoped package data from C:\Users\Sebastian\Documents\GitHub\AngularAppProject\server\node_modules\sigmund\package.json
202 verbose installManyTop reading scoped package data from C:\Users\Sebastian\Documents\GitHub\AngularAppProject\server\node_modules\signal-exit\package.json
203 verbose installManyTop reading scoped package data from C:\Users\Sebastian\Documents\GitHub\AngularAppProject\server\node_modules\source-map\package.json
204 verbose installManyTop reading scoped package data from C:\Users\Sebastian\Documents\GitHub\AngularAppProject\server\node_modules\sparkles\package.json
205 verbose installManyTop reading scoped package data from C:\Users\Sebastian\Documents\GitHub\AngularAppProject\server\node_modules\spdx-correct\package.json
206 verbose installManyTop reading scoped package data from C:\Users\Sebastian\Documents\GitHub\AngularAppProject\server\node_modules\spdx-exceptions\package.json
207 verbose installManyTop reading scoped package data from C:\Users\Sebastian\Documents\GitHub\AngularAppProject\server\node_modules\spdx-expression-parse\package.json
208 verbose installManyTop reading scoped package data from C:\Users\Sebastian\Documents\GitHub\AngularAppProject\server\node_modules\spdx-license-ids\package.json
209 verbose installManyTop reading scoped package data from C:\Users\Sebastian\Documents\GitHub\AngularAppProject\server\node_modules\split\package.json
210 verbose installManyTop reading scoped package data from C:\Users\Sebastian\Documents\GitHub\AngularAppProject\server\node_modules\statuses\package.json
211 verbose installManyTop reading scoped package data from C:\Users\Sebastian\Documents\GitHub\AngularAppProject\server\node_modules\stream-combiner\package.json
212 verbose installManyTop reading scoped package data from C:\Users\Sebastian\Documents\GitHub\AngularAppProject\server\node_modules\stream-consume\package.json
213 verbose installManyTop reading scoped package data from C:\Users\Sebastian\Documents\GitHub\AngularAppProject\server\node_modules\stream-to-array\package.json
214 verbose installManyTop reading scoped package data from C:\Users\Sebastian\Documents\GitHub\AngularAppProject\server\node_modules\string_decoder\package.json
215 verbose installManyTop reading scoped package data from C:\Users\Sebastian\Documents\GitHub\AngularAppProject\server\node_modules\strip-ansi\package.json
216 verbose installManyTop reading scoped package data from C:\Users\Sebastian\Documents\GitHub\AngularAppProject\server\node_modules\strip-bom\package.json
217 verbose installManyTop reading scoped package data from C:\Users\Sebastian\Documents\GitHub\AngularAppProject\server\node_modules\strip-indent\package.json
218 verbose installManyTop reading scoped package data from C:\Users\Sebastian\Documents\GitHub\AngularAppProject\server\node_modules\strip-json-comments\package.json
219 verbose installManyTop reading scoped package data from C:\Users\Sebastian\Documents\GitHub\AngularAppProject\server\node_modules\supports-color\package.json
220 verbose installManyTop reading scoped package data from C:\Users\Sebastian\Documents\GitHub\AngularAppProject\server\node_modules\through\package.json
221 verbose installManyTop reading scoped package data from C:\Users\Sebastian\Documents\GitHub\AngularAppProject\server\node_modules\through2\package.json
222 verbose installManyTop reading scoped package data from C:\Users\Sebastian\Documents\GitHub\AngularAppProject\server\node_modules\tildify\package.json
223 verbose installManyTop reading scoped package data from C:\Users\Sebastian\Documents\GitHub\AngularAppProject\server\node_modules\time-stamp\package.json
224 verbose installManyTop reading scoped package data from C:\Users\Sebastian\Documents\GitHub\AngularAppProject\server\node_modules\trim-newlines\package.json
225 verbose installManyTop reading scoped package data from C:\Users\Sebastian\Documents\GitHub\AngularAppProject\server\node_modules\type-is\package.json
226 verbose installManyTop reading scoped package data from C:\Users\Sebastian\Documents\GitHub\AngularAppProject\server\node_modules\typedarray-to-buffer\package.json
227 verbose installManyTop reading scoped package data from C:\Users\Sebastian\Documents\GitHub\AngularAppProject\server\node_modules\unique-stream\package.json
228 verbose installManyTop reading scoped package data from C:\Users\Sebastian\Documents\GitHub\AngularAppProject\server\node_modules\unpipe\package.json
229 verbose installManyTop reading scoped package data from C:\Users\Sebastian\Documents\GitHub\AngularAppProject\server\node_modules\user-home\package.json
230 verbose installManyTop reading scoped package data from C:\Users\Sebastian\Documents\GitHub\AngularAppProject\server\node_modules\util-deprecate\package.json
231 verbose installManyTop reading scoped package data from C:\Users\Sebastian\Documents\GitHub\AngularAppProject\server\node_modules\utils-merge\package.json
232 verbose installManyTop reading scoped package data from C:\Users\Sebastian\Documents\GitHub\AngularAppProject\server\node_modules\v8flags\package.json
233 verbose installManyTop reading scoped package data from C:\Users\Sebastian\Documents\GitHub\AngularAppProject\server\node_modules\validate-npm-package-license\package.json
234 verbose installManyTop reading scoped package data from C:\Users\Sebastian\Documents\GitHub\AngularAppProject\server\node_modules\vary\package.json
235 verbose installManyTop reading scoped package data from C:\Users\Sebastian\Documents\GitHub\AngularAppProject\server\node_modules\vinyl\package.json
236 verbose installManyTop reading scoped package data from C:\Users\Sebastian\Documents\GitHub\AngularAppProject\server\node_modules\vinyl-fs\package.json
237 verbose installManyTop reading scoped package data from C:\Users\Sebastian\Documents\GitHub\AngularAppProject\server\node_modules\websocket\package.json
238 verbose installManyTop reading scoped package data from C:\Users\Sebastian\Documents\GitHub\AngularAppProject\server\node_modules\wrappy\package.json
239 verbose installManyTop reading scoped package data from C:\Users\Sebastian\Documents\GitHub\AngularAppProject\server\node_modules\xtend\package.json
240 verbose installManyTop reading scoped package data from C:\Users\Sebastian\Documents\GitHub\AngularAppProject\server\node_modules\yaeti\package.json
241 info package.json arr-flatten@1.0.1 license should be a valid SPDX license expression
242 info package.json cli@0.6.6 No license field.
243 info package.json console-browserify@1.1.0 No license field.
244 info package.json date-now@0.1.4 No license field.
245 info package.json deprecated@0.0.1 No license field.
246 info package.json domelementtype@1.3.0 No license field.
247 info package.json domhandler@2.3.0 No license field.
248 info package.json domutils@1.5.1 No license field.
249 info package.json duplexer2@0.0.2 license should be a valid SPDX license expression
250 info package.json duplexer@0.1.1 No license field.
251 info package.json entities@1.0.0 license should be a valid SPDX license expression
252 info package.json exit@0.1.2 No license field.
253 info package.json findup-sync@0.3.0 No license field.
254 info package.json flagged-respawn@0.3.2 No license field.
255 info package.json gaze@0.5.2 No license field.
256 info package.json glob-watcher@0.0.6 No license field.
257 info package.json glob2base@0.0.12 No license field.
258 info package.json glob-stream@3.1.18 No license field.
259 info package.json globule@0.1.0 No license field.
260 info package.json map-stream@0.1.0 No license field.
261 info package.json mime@1.3.4 No license field.
262 info package.json ms@0.7.1 No license field.
263 info package.json noncharacters@1.1.0 license should be a valid SPDX license expression
264 info package.json orchestrator@0.3.7 No license field.
265 info package.json pause-stream@0.0.11 license should be a valid SPDX license expression
266 info package.json rechoir@0.6.2 No license field.
267 info package.json replace-ext@0.0.1 No license field.
268 info package.json sequencify@0.0.7 No license field.
269 info package.json shelljs@0.3.0 license should be a valid SPDX license expression
270 info package.json string_decoder@0.10.31 string_decoder is also the name of a node core module.
271 info package.json unique-stream@1.0.0 license should be a valid SPDX license expression
272 info package.json utils-merge@1.0.0 No license field.
273 info package.json v8flags@2.0.11 No license field.
274 info package.json vinyl-fs@0.3.14 No license field.
275 verbose readDependencies loading dependencies from C:\Users\Sebastian\Documents\GitHub\AngularAppProject\server\package.json
276 silly cache add args [ 'loadsh', null ]
277 verbose cache add spec loadsh
278 silly cache add parsed spec Result {
278 silly cache add   raw: 'loadsh',
278 silly cache add   scope: null,
278 silly cache add   name: 'loadsh',
278 silly cache add   rawSpec: '',
278 silly cache add   spec: 'latest',
278 silly cache add   type: 'tag' }
279 silly addNamed loadsh@latest
280 verbose addNamed "latest" is being treated as a dist-tag for loadsh
281 info addNameTag [ 'loadsh', 'latest' ]
282 silly mapToRegistry name loadsh
283 silly mapToRegistry using default registry
284 silly mapToRegistry registry https://registry.npmjs.org/
285 silly mapToRegistry uri https://registry.npmjs.org/loadsh
286 verbose addNameTag registry:https://registry.npmjs.org/loadsh not in flight; fetching
287 verbose request uri https://registry.npmjs.org/loadsh
288 verbose request no auth needed
289 info attempt registry request try #1 at 00:36:36
290 verbose request id 6cdc1a7bef52795f
291 http request GET https://registry.npmjs.org/loadsh
292 http 404 https://registry.npmjs.org/loadsh
293 verbose headers { server: 'CouchDB/1.5.0 (Erlang OTP/R16B03)',
293 verbose headers   etag: '"BE9GJJAF625ONG2Z0QJW13UZK"',
293 verbose headers   'content-type': 'application/json',
293 verbose headers   'cache-control': 'max-age=0',
293 verbose headers   'content-length': '402',
293 verbose headers   'accept-ranges': 'bytes',
293 verbose headers   date: 'Fri, 03 Jun 2016 22:36:32 GMT',
293 verbose headers   via: '1.1 varnish',
293 verbose headers   age: '0',
293 verbose headers   connection: 'keep-alive',
293 verbose headers   'x-served-by': 'cache-fra1238-FRA',
293 verbose headers   'x-cache': 'MISS',
293 verbose headers   'x-cache-hits': '0',
293 verbose headers   'x-timer': 'S1464993392.520244,VS0,VE114',
293 verbose headers   vary: 'Accept-Encoding' }
294 silly get cb [ 404,
294 silly get   { server: 'CouchDB/1.5.0 (Erlang OTP/R16B03)',
294 silly get     etag: '"BE9GJJAF625ONG2Z0QJW13UZK"',
294 silly get     'content-type': 'application/json',
294 silly get     'cache-control': 'max-age=0',
294 silly get     'content-length': '402',
294 silly get     'accept-ranges': 'bytes',
294 silly get     date: 'Fri, 03 Jun 2016 22:36:32 GMT',
294 silly get     via: '1.1 varnish',
294 silly get     age: '0',
294 silly get     connection: 'keep-alive',
294 silly get     'x-served-by': 'cache-fra1238-FRA',
294 silly get     'x-cache': 'MISS',
294 silly get     'x-cache-hits': '0',
294 silly get     'x-timer': 'S1464993392.520244,VS0,VE114',
294 silly get     vary: 'Accept-Encoding' } ]
295 verbose stack Error: Registry returned 404 for GET on https://registry.npmjs.org/loadsh
295 verbose stack     at makeError (C:\Program Files (x86)\nodejs\node_modules\npm\node_modules\npm-registry-client\lib\request.js:264:12)
295 verbose stack     at CachingRegistryClient.<anonymous> (C:\Program Files (x86)\nodejs\node_modules\npm\node_modules\npm-registry-client\lib\request.js:242:14)
295 verbose stack     at Request._callback (C:\Program Files (x86)\nodejs\node_modules\npm\node_modules\npm-registry-client\lib\request.js:172:14)
295 verbose stack     at Request.self.callback (C:\Program Files (x86)\nodejs\node_modules\npm\node_modules\request\request.js:199:22)
295 verbose stack     at emitTwo (events.js:87:13)
295 verbose stack     at Request.emit (events.js:172:7)
295 verbose stack     at Request.<anonymous> (C:\Program Files (x86)\nodejs\node_modules\npm\node_modules\request\request.js:1036:10)
295 verbose stack     at emitOne (events.js:82:20)
295 verbose stack     at Request.emit (events.js:169:7)
295 verbose stack     at IncomingMessage.<anonymous> (C:\Program Files (x86)\nodejs\node_modules\npm\node_modules\request\request.js:963:12)
296 verbose statusCode 404
297 verbose pkgid loadsh
298 verbose cwd C:\Users\Sebastian\Documents\GitHub\AngularAppProject\server
299 error Windows_NT 10.0.10240
300 error argv "C:\\Program Files (x86)\\nodejs\\node.exe" "C:\\Program Files (x86)\\nodejs\\node_modules\\npm\\bin\\npm-cli.js" "install" "loadsh"
301 error node v4.4.0
302 error npm  v2.14.20
303 error code E404
304 error 404 Registry returned 404 for GET on https://registry.npmjs.org/loadsh
304 error 404
304 error 404 'loadsh' is not in the npm registry.
304 error 404 You should bug the author to publish it (or use the name yourself!)
304 error 404 It was specified as a dependency of 'project.server'
304 error 404
304 error 404 Note that you can also install from a
304 error 404 tarball, folder, http url, or git url.
305 verbose exit [ 1, true ]
=======
1 verbose cli   'start' ]
2 info using npm@2.14.20
3 info using node@v4.4.0
4 verbose run-script [ 'prestart', 'start', 'poststart' ]
5 info prestart project.server@1.0.0
6 info start project.server@1.0.0
7 verbose unsafe-perm in lifecycle true
8 info project.server@1.0.0 Failed to exec start script
9 verbose stack Error: project.server@1.0.0 start: `node server.js`
9 verbose stack Exit status 1
9 verbose stack     at EventEmitter.<anonymous> (C:\Program Files (x86)\nodejs\node_modules\npm\lib\utils\lifecycle.js:214:16)
9 verbose stack     at emitTwo (events.js:87:13)
9 verbose stack     at EventEmitter.emit (events.js:172:7)
9 verbose stack     at ChildProcess.<anonymous> (C:\Program Files (x86)\nodejs\node_modules\npm\lib\utils\spawn.js:24:14)
9 verbose stack     at emitTwo (events.js:87:13)
9 verbose stack     at ChildProcess.emit (events.js:172:7)
9 verbose stack     at maybeClose (internal/child_process.js:827:16)
9 verbose stack     at Process.ChildProcess._handle.onexit (internal/child_process.js:211:5)
10 verbose pkgid project.server@1.0.0
11 verbose cwd C:\Users\Sebastian\Documents\GitHub\AngularAppProject\server
12 error Windows_NT 10.0.10240
13 error argv "C:\\Program Files (x86)\\nodejs\\node.exe" "C:\\Program Files (x86)\\nodejs\\node_modules\\npm\\bin\\npm-cli.js" "start"
14 error node v4.4.0
15 error npm  v2.14.20
16 error code ELIFECYCLE
17 error project.server@1.0.0 start: `node server.js`
17 error Exit status 1
18 error Failed at the project.server@1.0.0 start script 'node server.js'.
18 error This is most likely a problem with the project.server package,
18 error not with npm itself.
18 error Tell the author that this fails on your system:
18 error     node server.js
18 error You can get information on how to open an issue for this project with:
18 error     npm bugs project.server
18 error Or if that isn't available, you can get their info via:
18 error
18 error     npm owner ls project.server
18 error There is likely additional logging output above.
19 verbose exit [ 1, true ]
>>>>>>> 82d666e2d6d3af66e859e772a5c7ce96311920fa
